# JRE version: Java(TM) SE Runtime Environment (8.0_202-b08) (build 1.8.0_202-b08)
# Java VM: Java HotSpot(TM) 64-Bit Server VM (25.202-b08 mixed mode windows-amd64 compressed oops)
Heap:
 PSYoungGen      total 138752K, used 31392K [0x00000000f5580000, 0x0000000100000000, 0x0000000100000000)
  eden space 107008K, 0% used [0x00000000f5580000,0x00000000f5580000,0x00000000fbe00000)
  from space 31744K, 98% used [0x00000000fbe00000,0x00000000fdca8348,0x00000000fdd00000)
  to   space 35328K, 0% used [0x00000000fdd80000,0x00000000fdd80000,0x0000000100000000)
 ParOldGen       total 177664K, used 70938K [0x00000000e0000000, 0x00000000ead80000, 0x00000000f5580000)
  object space 177664K, 39% used [0x00000000e0000000,0x00000000e4546b10,0x00000000ead80000)
 Metaspace       used 91253K, capacity 98292K, committed 98380K, reserved 1134592K
  class space    used 11758K, capacity 13032K, committed 13056K, reserved 1048576K
GC Heap History (10 events):
Event: 155683.369 GC heap after
Heap after GC invocations=72 (full 3):
 PSYoungGen      total 134656K, used 6105K [0x00000000f5580000, 0x0000000100000000, 0x0000000100000000)
  eden space 100352K, 0% used [0x00000000f5580000,0x00000000f5580000,0x00000000fb780000)
  from space 34304K, 17% used [0x00000000fb780000,0x00000000fbd766a8,0x00000000fd900000)
  to   space 34816K, 0% used [0x00000000fde00000,0x00000000fde00000,0x0000000100000000)
 ParOldGen       total 177664K, used 70906K [0x00000000e0000000, 0x00000000ead80000, 0x00000000f5580000)
  object space 177664K, 39% used [0x00000000e0000000,0x00000000e453eb10,0x00000000ead80000)
 Metaspace       used 88934K, capacity 95870K, committed 95960K, reserved 1132544K
  class space    used 11474K, capacity 12715K, committed 12800K, reserved 1048576K
}
Event: 156448.615 GC heap before
{Heap before GC invocations=73 (full 3):
 PSYoungGen      total 134656K, used 106382K [0x00000000f5580000, 0x0000000100000000, 0x0000000100000000)
  eden space 100352K, 99% used [0x00000000f5580000,0x00000000fb76d1b0,0x00000000fb780000)
  from space 34304K, 17% used [0x00000000fb780000,0x00000000fbd766a8,0x00000000fd900000)
  to   space 34816K, 0% used [0x00000000fde00000,0x00000000fde00000,0x0000000100000000)
 ParOldGen       total 177664K, used 70906K [0x00000000e0000000, 0x00000000ead80000, 0x00000000f5580000)
  object space 177664K, 39% used [0x00000000e0000000,0x00000000e453eb10,0x00000000ead80000)
 Metaspace       used 89016K, capacity 95970K, committed 96216K, reserved 1132544K
  class space    used 11482K, capacity 12723K, committed 12800K, reserved 1048576K
Event: 156448.654 GC heap after
Heap after GC invocations=73 (full 3):
 PSYoungGen      total 139776K, used 12958K [0x00000000f5580000, 0x00000000fff80000, 0x0000000100000000)
  eden space 105472K, 0% used [0x00000000f5580000,0x00000000f5580000,0x00000000fbc80000)
  from space 34304K, 37% used [0x00000000fde00000,0x00000000feaa7820,0x00000000fff80000)
  to   space 34304K, 0% used [0x00000000fbc80000,0x00000000fbc80000,0x00000000fde00000)
 ParOldGen       total 177664K, used 70914K [0x00000000e0000000, 0x00000000ead80000, 0x00000000f5580000)
  object space 177664K, 39% used [0x00000000e0000000,0x00000000e4540b10,0x00000000ead80000)
 Metaspace       used 89016K, capacity 95970K, committed 96216K, reserved 1132544K
  class space    used 11482K, capacity 12723K, committed 12800K, reserved 1048576K
}
Event: 157809.771 GC heap before
{Heap before GC invocations=74 (full 3):
 PSYoungGen      total 139776K, used 118430K [0x00000000f5580000, 0x00000000fff80000, 0x0000000100000000)
  eden space 105472K, 100% used [0x00000000f5580000,0x00000000fbc80000,0x00000000fbc80000)
  from space 34304K, 37% used [0x00000000fde00000,0x00000000feaa7820,0x00000000fff80000)
  to   space 34304K, 0% used [0x00000000fbc80000,0x00000000fbc80000,0x00000000fde00000)
 ParOldGen       total 177664K, used 70914K [0x00000000e0000000, 0x00000000ead80000, 0x00000000f5580000)
  object space 177664K, 39% used [0x00000000e0000000,0x00000000e4540b10,0x00000000ead80000)
 Metaspace       used 90465K, capacity 97454K, committed 97624K, reserved 1134592K
  class space    used 11656K, capacity 12922K, committed 12928K, reserved 1048576K
Event: 157810.361 GC heap after
Heap after GC invocations=74 (full 3):
 PSYoungGen      total 123904K, used 18373K [0x00000000f5580000, 0x00000000ffd00000, 0x0000000100000000)
  eden space 105472K, 0% used [0x00000000f5580000,0x00000000f5580000,0x00000000fbc80000)
  from space 18432K, 99% used [0x00000000fbc80000,0x00000000fce71610,0x00000000fce80000)
  to   space 32768K, 0% used [0x00000000fdd00000,0x00000000fdd00000,0x00000000ffd00000)
 ParOldGen       total 177664K, used 70922K [0x00000000e0000000, 0x00000000ead80000, 0x00000000f5580000)
  object space 177664K, 39% used [0x00000000e0000000,0x00000000e4542b10,0x00000000ead80000)
 Metaspace       used 90465K, capacity 97454K, committed 97624K, reserved 1134592K
  class space    used 11656K, capacity 12922K, committed 12928K, reserved 1048576K
}
Event: 158348.701 GC heap before
{Heap before GC invocations=75 (full 3):
 PSYoungGen      total 123904K, used 123839K [0x00000000f5580000, 0x00000000ffd00000, 0x0000000100000000)
  eden space 105472K, 99% used [0x00000000f5580000,0x00000000fbc7e7d8,0x00000000fbc80000)
  from space 18432K, 99% used [0x00000000fbc80000,0x00000000fce71610,0x00000000fce80000)
  to   space 32768K, 0% used [0x00000000fdd00000,0x00000000fdd00000,0x00000000ffd00000)
 ParOldGen       total 177664K, used 70922K [0x00000000e0000000, 0x00000000ead80000, 0x00000000f5580000)
  object space 177664K, 39% used [0x00000000e0000000,0x00000000e4542b10,0x00000000ead80000)
 Metaspace       used 90571K, capacity 97614K, committed 97752K, reserved 1134592K
  class space    used 11663K, capacity 12930K, committed 13056K, reserved 1048576K
Event: 158348.751 GC heap after
Heap after GC invocations=75 (full 3):
 PSYoungGen      total 139776K, used 18595K [0x00000000f5580000, 0x0000000100000000, 0x0000000100000000)
  eden space 107008K, 0% used [0x00000000f5580000,0x00000000f5580000,0x00000000fbe00000)
  from space 32768K, 56% used [0x00000000fdd00000,0x00000000fef28e40,0x00000000ffd00000)
  to   space 31744K, 0% used [0x00000000fbe00000,0x00000000fbe00000,0x00000000fdd00000)
 ParOldGen       total 177664K, used 70930K [0x00000000e0000000, 0x00000000ead80000, 0x00000000f5580000)
  object space 177664K, 39% used [0x00000000e0000000,0x00000000e4544b10,0x00000000ead80000)
 Metaspace       used 90571K, capacity 97614K, committed 97752K, reserved 1134592K
  class space    used 11663K, capacity 12930K, committed 13056K, reserved 1048576K
}
Event: 158349.301 GC heap before
{Heap before GC invocations=76 (full 3):
 PSYoungGen      total 139776K, used 91591K [0x00000000f5580000, 0x0000000100000000, 0x0000000100000000)
  eden space 107008K, 68% used [0x00000000f5580000,0x00000000f9cc8ee8,0x00000000fbe00000)
  from space 32768K, 56% used [0x00000000fdd00000,0x00000000fef28e40,0x00000000ffd00000)
  to   space 31744K, 0% used [0x00000000fbe00000,0x00000000fbe00000,0x00000000fdd00000)
 ParOldGen       total 177664K, used 70930K [0x00000000e0000000, 0x00000000ead80000, 0x00000000f5580000)
  object space 177664K, 39% used [0x00000000e0000000,0x00000000e4544b10,0x00000000ead80000)
 Metaspace       used 91253K, capacity 98292K, committed 98380K, reserved 1134592K
  class space    used 11758K, capacity 13032K, committed 13056K, reserved 1048576K
Event: 158349.366 GC heap after
Heap after GC invocations=76 (full 3):
 PSYoungGen      total 138752K, used 31392K [0x00000000f5580000, 0x0000000100000000, 0x0000000100000000)
  eden space 107008K, 0% used [0x00000000f5580000,0x00000000f5580000,0x00000000fbe00000)
  from space 31744K, 98% used [0x00000000fbe00000,0x00000000fdca8348,0x00000000fdd00000)
  to   space 35328K, 0% used [0x00000000fdd80000,0x00000000fdd80000,0x0000000100000000)
 ParOldGen       total 177664K, used 70938K [0x00000000e0000000, 0x00000000ead80000, 0x00000000f5580000)
  object space 177664K, 39% used [0x00000000e0000000,0x00000000e4546b10,0x00000000ead80000)
 Metaspace       used 91253K, capacity 98292K, committed 98380K, reserved 1134592K
  class space    used 11758K, capacity 13032K, committed 13056K, reserved 1048576K
}
Event: 158349.367 GC heap before
{Heap before GC invocations=77 (full 4):
 PSYoungGen      total 138752K, used 31392K [0x00000000f5580000, 0x0000000100000000, 0x0000000100000000)
  eden space 107008K, 0% used [0x00000000f5580000,0x00000000f5580000,0x00000000fbe00000)
  from space 31744K, 98% used [0x00000000fbe00000,0x00000000fdca8348,0x00000000fdd00000)
  to   space 35328K, 0% used [0x00000000fdd80000,0x00000000fdd80000,0x0000000100000000)
 ParOldGen       total 177664K, used 70938K [0x00000000e0000000, 0x00000000ead80000, 0x00000000f5580000)
  object space 177664K, 39% used [0x00000000e0000000,0x00000000e4546b10,0x00000000ead80000)
 Metaspace       used 91253K, capacity 98292K, committed 98380K, reserved 1134592K
  class space    used 11758K, capacity 13032K, committed 13056K, reserved 1048576K

